{"level":"info","message":"ooe init call status","timestamp":"2024-05-04 07:43:37"}
{"level":"info","message":"ooe init call status","timestamp":"2024-05-04 07:43:39"}
{"level":"info","message":"ooe init call status","timestamp":"2024-05-04 09:03:58"}
{"level":"info","message":"{\"MAC\":\"C8:2E:18:EB:59:A8\",\"Name\":\"MAY-TEST-2\",\"status\":\"connected\"}","timestamp":"2024-05-04 09:16:01"}
{"level":"info","message":"ooe init call status","timestamp":"2024-05-04 09:28:33"}
{"level":"info","message":"{\"MAC\":\"C8:2E:18:EB:59:A8\",\"Name\":\"MAY-TEST-2\",\"status\":\"connected\"}","timestamp":"2024-05-04 09:28:34"}
{"level":"info","message":"{\"MAC\":\"C8:2E:18:EB:59:A8\",\"Name\":\"MAY-TEST-2\",\"status\":\"disconnected\"}","timestamp":"2024-05-04 09:42:37"}
{"level":"info","message":"{\"MAC\":\"C8:2E:18:EB:59:A8\",\"Name\":\"MAY-TEST-2\",\"status\":\"connected\"}","timestamp":"2024-05-04 09:42:49"}
{"level":"info","message":"{\"MAC\":\"C8:2E:18:EB:59:A8\",\"Name\":\"MAY-TEST-2\",\"status\":\"disconnected\"}","timestamp":"2024-05-04 10:46:18"}
{"level":"info","message":"{\"MAC\":\"C8:2E:18:EB:59:A8\",\"Name\":\"MAY-TEST-2\",\"status\":\"connected\"}","timestamp":"2024-05-04 11:03:04"}
{"level":"info","message":"{\"MAC\":\"C8:2E:18:EB:59:A8\",\"Name\":\"MAY-TEST-2\",\"status\":\"disconnected\"}","timestamp":"2024-05-04 11:17:01"}
{"level":"info","message":"{\"MAC\":\"C8:2E:18:EB:59:A8\",\"Name\":\"MAY-TEST-2\",\"status\":\"connected\"}","timestamp":"2024-05-04 11:17:33"}
{"level":"info","message":"{\"MAC\":\"C8:2E:18:EB:59:A8\",\"Name\":\"MAY-TEST-2\",\"status\":\"connected\"}","timestamp":"2024-05-04 11:18:04"}
{"level":"info","message":"{\"MAC\":\"C8:2E:18:EB:59:A8\",\"Name\":\"MAY-TEST-2\",\"status\":\"connected\"}","timestamp":"2024-05-04 11:18:25"}
{"level":"info","message":"{\"MAC\":\"C8:2E:18:EB:59:A8\",\"Name\":\"MAY-TEST-2\",\"status\":\"connected\"}","timestamp":"2024-05-04 11:18:44"}
{"level":"info","message":"{\"MAC\":\"C8:2E:18:EB:59:A8\",\"Name\":\"MAY-TEST-2\",\"status\":\"connected\"}","timestamp":"2024-05-04 11:19:12"}
{"level":"info","message":"{\"MAC\":\"C8:2E:18:EB:59:A8\",\"Name\":\"MAY-TEST-2\",\"status\":\"connected\"}","timestamp":"2024-05-04 11:22:07"}
{"level":"info","message":"{\"MAC\":\"C8:2E:18:EB:59:A8\",\"Name\":\"MAY-TEST-2\",\"status\":\"connected\"}","timestamp":"2024-05-04 11:25:56"}
{"level":"info","message":"{\"MAC\":\"C8:2E:18:EB:59:A8\",\"Name\":\"MAY-TEST-2\",\"status\":\"disconnected\"}","timestamp":"2024-05-04 11:25:58"}
{"level":"info","message":"{\"MAC\":\"C8:2E:18:EB:59:A8\",\"Name\":\"MAY-TEST-2\",\"status\":\"connected\"}","timestamp":"2024-05-04 11:26:33"}
{"level":"info","message":"{\"MAC\":\"C8:2E:18:EB:59:A8\",\"Name\":\"MAY-TEST-2\",\"status\":\"connected\"}","timestamp":"2024-05-04 11:28:49"}
{"level":"info","message":"{\"MAC\":\"C8:2E:18:EB:59:A8\",\"Name\":\"MAY-TEST-2\",\"status\":\"connected\"}","timestamp":"2024-05-04 11:29:06"}
{"level":"info","message":"{\"MAC\":\"C8:2E:18:EB:59:A8\",\"Name\":\"MAY-TEST-2\",\"status\":\"connected\"}","timestamp":"2024-05-04 11:29:08"}
{"level":"info","message":"{\"MAC\":\"C8:2E:18:EB:59:A8\",\"Name\":\"MAY-TEST-2\",\"status\":\"disconnected\"}","timestamp":"2024-05-04 11:29:10"}
{"level":"info","message":"{\"MAC\":\"C8:2E:18:EB:59:A8\",\"Name\":\"MAY-TEST-2\",\"status\":\"connected\"}","timestamp":"2024-05-04 11:34:49"}
{"level":"info","message":"{\"MAC\":\"C8:2E:18:EB:59:A8\",\"Name\":\"MAY-TEST-2\",\"status\":\"connected\"}","timestamp":"2024-05-04 11:34:51"}
{"level":"info","message":"{\"MAC\":\"C8:2E:18:EB:59:A8\",\"Name\":\"MAY-TEST-2\",\"status\":\"connected\"}","timestamp":"2024-05-04 11:35:12"}
{"level":"info","message":"{\"MAC\":\"C8:2E:18:EB:59:A8\",\"Name\":\"MAY-TEST-2\",\"status\":\"disconnected\"}","timestamp":"2024-05-04 11:35:14"}
{"level":"info","message":"{\"MAC\":\"C8:2E:18:EB:59:A8\",\"Name\":\"MAY-TEST-2\",\"status\":\"connected\"}","timestamp":"2024-05-04 11:35:19"}
{"level":"info","message":"{\"MAC\":\"C8:2E:18:EB:59:A8\",\"Name\":\"MAY-TEST-2\",\"status\":\"connected\"}","timestamp":"2024-05-04 11:37:24"}
{"level":"info","message":"{\"MAC\":\"C8:2E:18:EB:59:A8\",\"Name\":\"MAY-TEST-2\",\"status\":\"connected\"}","timestamp":"2024-05-04 11:38:01"}
{"level":"info","message":"{\"MAC\":\"C8:2E:18:EB:59:A8\",\"Name\":\"MAY-TEST-2\",\"status\":\"connected\"}","timestamp":"2024-05-04 11:38:39"}
{"level":"info","message":"{\"MAC\":\"C8:2E:18:EB:59:A8\",\"Name\":\"MAY-TEST-2\",\"status\":\"disconnected\"}","timestamp":"2024-05-04 11:38:41"}
{"level":"info","message":"{\"MAC\":\"C8:2E:18:EB:59:A8\",\"Name\":\"MAY-TEST-2\",\"status\":\"connected\"}","timestamp":"2024-05-04 11:39:13"}
{"level":"info","message":"{\"MAC\":\"C8:2E:18:EB:59:A8\",\"Name\":\"MAY-TEST-2\",\"status\":\"connected\"}","timestamp":"2024-05-04 11:39:31"}
{"level":"info","message":"{\"MAC\":\"C8:2E:18:EB:59:A8\",\"Name\":\"MAY-TEST-2\",\"status\":\"connected\"}","timestamp":"2024-05-04 11:40:59"}
{"level":"info","message":"{\"MAC\":\"C8:2E:18:EB:59:A8\",\"Name\":\"MAY-TEST-2\",\"status\":\"disconnected\"}","timestamp":"2024-05-04 11:41:02"}
{"level":"info","message":"{\"MAC\":\"C8:2E:18:EB:59:A8\",\"Name\":\"MAY-TEST-2\",\"status\":\"connected\"}","timestamp":"2024-05-04 11:42:17"}
{"level":"info","message":"{\"MAC\":\"C8:2E:18:EB:59:A8\",\"Name\":\"MAY-TEST-2\",\"status\":\"connected\"}","timestamp":"2024-05-04 11:42:27"}
{"level":"info","message":"{\"MAC\":\"C8:2E:18:EB:59:A8\",\"Name\":\"MAY-TEST-2\",\"status\":\"disconnected\"}","timestamp":"2024-05-04 11:42:29"}
{"level":"info","message":"{\"MAC\":\"C8:2E:18:EB:59:A8\",\"Name\":\"MAY-TEST-2\",\"status\":\"connected\"}","timestamp":"2024-05-04 11:42:50"}
{"level":"info","message":"{\"MAC\":\"C8:2E:18:EB:59:A8\",\"Name\":\"MAY-TEST-2\",\"status\":\"connected\"}","timestamp":"2024-05-04 11:42:57"}
{"level":"info","message":"{\"MAC\":\"C8:2E:18:EB:59:A8\",\"Name\":\"MAY-TEST-2\",\"status\":\"disconnected\"}","timestamp":"2024-05-04 11:42:59"}
{"level":"info","message":"{\"MAC\":\"C8:2E:18:EB:59:A8\",\"Name\":\"MAY-TEST-2\",\"status\":\"connected\"}","timestamp":"2024-05-04 11:43:37"}
{"level":"info","message":"{\"MAC\":\"C8:2E:18:EB:59:A8\",\"Name\":\"MAY-TEST-2\",\"status\":\"connected\"}","timestamp":"2024-05-04 11:43:49"}
{"level":"info","message":"{\"MAC\":\"C8:2E:18:EB:59:A8\",\"Name\":\"MAY-TEST-2\",\"status\":\"connected\"}","timestamp":"2024-05-04 11:44:10"}
{"level":"info","message":"{\"MAC\":\"C8:2E:18:EB:59:A8\",\"Name\":\"MAY-TEST-2\",\"status\":\"connected\"}","timestamp":"2024-05-04 11:46:15"}
{"level":"info","message":"{\"MAC\":\"C8:2E:18:EB:59:A8\",\"Name\":\"MAY-TEST-2\",\"status\":\"disconnected\"}","timestamp":"2024-05-04 11:46:17"}
{"level":"info","message":"{\"MAC\":\"C8:2E:18:EB:59:A8\",\"Name\":\"MAY-TEST-2\",\"status\":\"connected\"}","timestamp":"2024-05-04 11:46:22"}
{"level":"info","message":"{\"MAC\":\"C8:2E:18:EB:59:A8\",\"Name\":\"MAY-TEST-2\",\"status\":\"connected\"}","timestamp":"2024-05-04 11:46:48"}
{"level":"info","message":"{\"MAC\":\"C8:2E:18:EB:59:A8\",\"Name\":\"MAY-TEST-2\",\"status\":\"connected\"}","timestamp":"2024-05-04 11:47:19"}
{"level":"info","message":"{\"MAC\":\"C8:2E:18:EB:59:A8\",\"Name\":\"MAY-TEST-2\",\"status\":\"disconnected\"}","timestamp":"2024-05-04 11:47:21"}
{"level":"info","message":"{\"MAC\":\"C8:2E:18:EB:59:A8\",\"Name\":\"MAY-TEST-2\",\"status\":\"connected\"}","timestamp":"2024-05-04 11:47:23"}
{"level":"info","message":"{\"MAC\":\"C8:2E:18:EB:59:A8\",\"Name\":\"MAY-TEST-2\",\"status\":\"disconnected\"}","timestamp":"2024-05-04 11:47:26"}
{"level":"info","message":"{\"MAC\":\"C8:2E:18:EB:59:A8\",\"Name\":\"MAY-TEST-2\",\"status\":\"connected\"}","timestamp":"2024-05-04 11:47:42"}
{"level":"info","message":"{\"MAC\":\"C8:2E:18:EB:59:A8\",\"Name\":\"MAY-TEST-2\",\"status\":\"connected\"}","timestamp":"2024-05-04 11:48:08"}
{"level":"info","message":"{\"MAC\":\"C8:2E:18:EB:59:A8\",\"Name\":\"MAY-TEST-2\",\"status\":\"disconnected\"}","timestamp":"2024-05-04 11:48:10"}
{"level":"info","message":"{\"MAC\":\"C8:2E:18:EB:59:A8\",\"Name\":\"MAY-TEST-2\",\"status\":\"connected\"}","timestamp":"2024-05-04 11:48:58"}
{"level":"info","message":"{\"MAC\":\"C8:2E:18:EB:59:A8\",\"Name\":\"MAY-TEST-2\",\"status\":\"connected\"}","timestamp":"2024-05-04 11:49:05"}
{"level":"info","message":"{\"MAC\":\"C8:2E:18:EB:59:A8\",\"Name\":\"MAY-TEST-2\",\"status\":\"connected\"}","timestamp":"2024-05-04 11:49:43"}
{"level":"info","message":"{\"MAC\":\"C8:2E:18:EB:59:A8\",\"Name\":\"MAY-TEST-2\",\"status\":\"disconnected\"}","timestamp":"2024-05-04 11:49:45"}
{"level":"info","message":"{\"MAC\":\"C8:2E:18:EB:59:A8\",\"Name\":\"MAY-TEST-2\",\"status\":\"connected\"}","timestamp":"2024-05-04 11:50:11"}
{"level":"info","message":"{\"MAC\":\"C8:2E:18:EB:59:A8\",\"Name\":\"MAY-TEST-2\",\"status\":\"disconnected\"}","timestamp":"2024-05-04 11:50:13"}
{"level":"info","message":"{\"MAC\":\"C8:2E:18:EB:59:A8\",\"Name\":\"MAY-TEST-2\",\"status\":\"connected\"}","timestamp":"2024-05-04 11:51:24"}
{"level":"info","message":"{\"MAC\":\"C8:2E:18:EB:59:A8\",\"Name\":\"MAY-TEST-2\",\"status\":\"connected\"}","timestamp":"2024-05-04 11:53:07"}
{"level":"info","message":"{\"MAC\":\"C8:2E:18:EB:59:A8\",\"Name\":\"MAY-TEST-2\",\"status\":\"connected\"}","timestamp":"2024-05-04 11:53:45"}
{"level":"info","message":"{\"MAC\":\"C8:2E:18:EB:59:A8\",\"Name\":\"MAY-TEST-2\",\"status\":\"disconnected\"}","timestamp":"2024-05-04 11:53:47"}
{"level":"info","message":"{\"MAC\":\"C8:2E:18:EB:59:A8\",\"Name\":\"MAY-TEST-2\",\"status\":\"connected\"}","timestamp":"2024-05-04 11:54:13"}
{"level":"info","message":"{\"MAC\":\"C8:2E:18:EB:59:A8\",\"Name\":\"MAY-TEST-2\",\"status\":\"connected\"}","timestamp":"2024-05-04 11:54:25"}
{"level":"info","message":"{\"MAC\":\"C8:2E:18:EB:59:A8\",\"Name\":\"MAY-TEST-2\",\"status\":\"connected\"}","timestamp":"2024-05-04 11:55:12"}
{"level":"info","message":"{\"MAC\":\"C8:2E:18:EB:59:A8\",\"Name\":\"MAY-TEST-2\",\"status\":\"connected\"}","timestamp":"2024-05-04 11:56:06"}
{"level":"info","message":"{\"MAC\":\"C8:2E:18:EB:59:A8\",\"Name\":\"MAY-TEST-2\",\"status\":\"connected\"}","timestamp":"2024-05-04 11:56:58"}
{"level":"info","message":"{\"MAC\":\"C8:2E:18:EB:59:A8\",\"Name\":\"MAY-TEST-2\",\"status\":\"connected\"}","timestamp":"2024-05-04 11:57:29"}
{"level":"info","message":"{\"MAC\":\"C8:2E:18:EB:59:A8\",\"Name\":\"MAY-TEST-2\",\"status\":\"connected\"}","timestamp":"2024-05-04 11:57:31"}
{"level":"info","message":"{\"MAC\":\"C8:2E:18:EB:59:A8\",\"Name\":\"MAY-TEST-2\",\"status\":\"connected\"}","timestamp":"2024-05-04 11:57:48"}
{"level":"info","message":"{\"MAC\":\"C8:2E:18:EB:59:A8\",\"Name\":\"MAY-TEST-2\",\"status\":\"disconnected\"}","timestamp":"2024-05-04 11:57:50"}
{"level":"info","message":"{\"MAC\":\"C8:2E:18:EB:59:A8\",\"Name\":\"MAY-TEST-2\",\"status\":\"connected\"}","timestamp":"2024-05-04 11:58:18"}
{"level":"info","message":"{\"MAC\":\"C8:2E:18:EB:59:A8\",\"Name\":\"MAY-TEST-2\",\"status\":\"connected\"}","timestamp":"2024-05-04 11:59:08"}
{"level":"info","message":"{\"MAC\":\"C8:2E:18:EB:59:A8\",\"Name\":\"MAY-TEST-2\",\"status\":\"connected\"}","timestamp":"2024-05-04 11:59:31"}
{"level":"info","message":"{\"MAC\":\"C8:2E:18:EB:59:A8\",\"Name\":\"MAY-TEST-2\",\"status\":\"connected\"}","timestamp":"2024-05-04 12:00:58"}
{"level":"info","message":"{\"MAC\":\"C8:2E:18:EB:59:A8\",\"Name\":\"MAY-TEST-2\",\"status\":\"connected\"}","timestamp":"2024-05-04 12:01:05"}
{"level":"info","message":"{\"MAC\":\"C8:2E:18:EB:59:A8\",\"Name\":\"MAY-TEST-2\",\"status\":\"connected\"}","timestamp":"2024-05-04 12:01:17"}
{"level":"info","message":"{\"MAC\":\"C8:2E:18:EB:59:A8\",\"Name\":\"MAY-TEST-2\",\"status\":\"connected\"}","timestamp":"2024-05-04 12:02:25"}
{"level":"info","message":"{\"MAC\":\"C8:2E:18:EB:59:A8\",\"Name\":\"MAY-TEST-2\",\"status\":\"connected\"}","timestamp":"2024-05-04 12:02:35"}
{"level":"info","message":"{\"MAC\":\"C8:2E:18:EB:59:A8\",\"Name\":\"MAY-TEST-2\",\"status\":\"disconnected\"}","timestamp":"2024-05-04 12:02:37"}
{"level":"info","message":"{\"MAC\":\"C8:2E:18:EB:59:A8\",\"Name\":\"MAY-TEST-2\",\"status\":\"connected\"}","timestamp":"2024-05-04 12:03:03"}
{"level":"info","message":"{\"MAC\":\"C8:2E:18:EB:59:A8\",\"Name\":\"MAY-TEST-2\",\"status\":\"connected\"}","timestamp":"2024-05-04 12:03:31"}
{"level":"info","message":"{\"MAC\":\"C8:2E:18:EB:59:A8\",\"Name\":\"MAY-TEST-2\",\"status\":\"connected\"}","timestamp":"2024-05-04 12:04:23"}
{"level":"info","message":"{\"MAC\":\"C8:2E:18:EB:59:A8\",\"Name\":\"MAY-TEST-2\",\"status\":\"connected\"}","timestamp":"2024-05-04 12:04:59"}
{"level":"info","message":"{\"MAC\":\"C8:2E:18:EB:59:A8\",\"Name\":\"MAY-TEST-2\",\"status\":\"disconnected\"}","timestamp":"2024-05-04 12:05:01"}
{"level":"info","message":"{\"MAC\":\"C8:2E:18:EB:59:A8\",\"Name\":\"MAY-TEST-2\",\"status\":\"connected\"}","timestamp":"2024-05-04 12:05:29"}
{"level":"info","message":"{\"MAC\":\"C8:2E:18:EB:59:A8\",\"Name\":\"MAY-TEST-2\",\"status\":\"disconnected\"}","timestamp":"2024-05-04 12:05:31"}
{"level":"info","message":"{\"MAC\":\"C8:2E:18:EB:59:A8\",\"Name\":\"MAY-TEST-2\",\"status\":\"connected\"}","timestamp":"2024-05-04 12:05:55"}
{"level":"info","message":"{\"MAC\":\"C8:2E:18:EB:59:A8\",\"Name\":\"MAY-TEST-2\",\"status\":\"connected\"}","timestamp":"2024-05-04 12:08:04"}
{"level":"info","message":"{\"MAC\":\"C8:2E:18:EB:59:A8\",\"Name\":\"MAY-TEST-2\",\"status\":\"connected\"}","timestamp":"2024-05-04 12:08:30"}
{"level":"info","message":"{\"MAC\":\"C8:2E:18:EB:59:A8\",\"Name\":\"MAY-TEST-2\",\"status\":\"connected\"}","timestamp":"2024-05-04 12:08:33"}
{"level":"info","message":"{\"MAC\":\"C8:2E:18:EB:59:A8\",\"Name\":\"MAY-TEST-2\",\"status\":\"connected\"}","timestamp":"2024-05-04 12:10:16"}
{"level":"info","message":"{\"MAC\":\"C8:2E:18:EB:59:A8\",\"Name\":\"MAY-TEST-2\",\"status\":\"connected\"}","timestamp":"2024-05-04 12:11:01"}
{"level":"info","message":"{\"MAC\":\"C8:2E:18:EB:59:A8\",\"Name\":\"MAY-TEST-2\",\"status\":\"connected\"}","timestamp":"2024-05-04 12:11:43"}
{"level":"info","message":"{\"MAC\":\"C8:2E:18:EB:59:A8\",\"Name\":\"MAY-TEST-2\",\"status\":\"disconnected\"}","timestamp":"2024-05-04 12:11:45"}
{"level":"info","message":"{\"MAC\":\"C8:2E:18:EB:59:A8\",\"Name\":\"MAY-TEST-2\",\"status\":\"connected\"}","timestamp":"2024-05-04 12:11:50"}
{"level":"info","message":"{\"MAC\":\"C8:2E:18:EB:59:A8\",\"Name\":\"MAY-TEST-2\",\"status\":\"connected\"}","timestamp":"2024-05-04 12:12:21"}
{"level":"info","message":"{\"MAC\":\"C8:2E:18:EB:59:A8\",\"Name\":\"MAY-TEST-2\",\"status\":\"connected\"}","timestamp":"2024-05-04 12:13:19"}
{"level":"info","message":"{\"MAC\":\"C8:2E:18:EB:59:A8\",\"Name\":\"MAY-TEST-2\",\"status\":\"connected\"}","timestamp":"2024-05-04 12:13:29"}
{"level":"info","message":"{\"MAC\":\"C8:2E:18:EB:59:A8\",\"Name\":\"MAY-TEST-2\",\"status\":\"connected\"}","timestamp":"2024-05-04 12:18:32"}
{"level":"info","message":"{\"MAC\":\"C8:2E:18:EB:59:A8\",\"Name\":\"MAY-TEST-2\",\"status\":\"connected\"}","timestamp":"2024-05-04 12:19:44"}
{"level":"info","message":"{\"MAC\":\"C8:2E:18:EB:59:A8\",\"Name\":\"MAY-TEST-2\",\"status\":\"connected\"}","timestamp":"2024-05-04 12:20:17"}
{"level":"info","message":"{\"MAC\":\"C8:2E:18:EB:59:A8\",\"Name\":\"MAY-TEST-2\",\"status\":\"connected\"}","timestamp":"2024-05-04 12:20:34"}
{"level":"info","message":"{\"MAC\":\"C8:2E:18:EB:59:A8\",\"Name\":\"MAY-TEST-2\",\"status\":\"connected\"}","timestamp":"2024-05-04 12:20:53"}
{"level":"info","message":"{\"MAC\":\"C8:2E:18:EB:59:A8\",\"Name\":\"MAY-TEST-2\",\"status\":\"disconnected\"}","timestamp":"2024-05-04 12:20:55"}
{"level":"info","message":"{\"MAC\":\"C8:2E:18:EB:59:A8\",\"Name\":\"MAY-TEST-2\",\"status\":\"connected\"}","timestamp":"2024-05-04 12:22:20"}
{"level":"info","message":"{\"MAC\":\"C8:2E:18:EB:59:A8\",\"Name\":\"MAY-TEST-2\",\"status\":\"connected\"}","timestamp":"2024-05-04 12:22:22"}
{"level":"info","message":"{\"MAC\":\"C8:2E:18:EB:59:A8\",\"Name\":\"MAY-TEST-2\",\"status\":\"disconnected\"}","timestamp":"2024-05-04 12:22:24"}
{"level":"info","message":"{\"MAC\":\"C8:2E:18:EB:59:A8\",\"Name\":\"MAY-TEST-2\",\"status\":\"connected\"}","timestamp":"2024-05-04 12:23:28"}
{"level":"info","message":"{\"MAC\":\"C8:2E:18:EB:59:A8\",\"Name\":\"MAY-TEST-2\",\"status\":\"disconnected\"}","timestamp":"2024-05-04 12:23:30"}
{"level":"info","message":"{\"MAC\":\"C8:2E:18:EB:59:A8\",\"Name\":\"MAY-TEST-2\",\"status\":\"connected\"}","timestamp":"2024-05-04 12:25:04"}
{"level":"info","message":"{\"MAC\":\"C8:2E:18:EB:59:A8\",\"Name\":\"MAY-TEST-2\",\"status\":\"disconnected\"}","timestamp":"2024-05-04 12:25:06"}
{"level":"info","message":"{\"MAC\":\"C8:2E:18:EB:59:A8\",\"Name\":\"MAY-TEST-2\",\"status\":\"connected\"}","timestamp":"2024-05-04 12:25:53"}
{"level":"info","message":"{\"MAC\":\"C8:2E:18:EB:59:A8\",\"Name\":\"MAY-TEST-2\",\"status\":\"disconnected\"}","timestamp":"2024-05-04 12:25:55"}
{"level":"info","message":"{\"MAC\":\"C8:2E:18:EB:59:A8\",\"Name\":\"MAY-TEST-2\",\"status\":\"connected\"}","timestamp":"2024-05-04 12:25:56"}
{"level":"info","message":"{\"MAC\":\"C8:2E:18:EB:59:A8\",\"Name\":\"MAY-TEST-2\",\"status\":\"connected\"}","timestamp":"2024-05-04 12:26:05"}
{"level":"info","message":"{\"MAC\":\"C8:2E:18:EB:59:A8\",\"Name\":\"MAY-TEST-2\",\"status\":\"disconnected\"}","timestamp":"2024-05-04 12:26:07"}
{"level":"info","message":"{\"MAC\":\"C8:2E:18:EB:59:A8\",\"Name\":\"MAY-TEST-2\",\"status\":\"connected\"}","timestamp":"2024-05-04 12:26:38"}
{"level":"info","message":"{\"MAC\":\"C8:2E:18:EB:59:A8\",\"Name\":\"MAY-TEST-2\",\"status\":\"connected\"}","timestamp":"2024-05-04 12:26:52"}
{"level":"info","message":"{\"MAC\":\"C8:2E:18:EB:59:A8\",\"Name\":\"MAY-TEST-2\",\"status\":\"connected\"}","timestamp":"2024-05-04 12:27:09"}
{"level":"info","message":"{\"MAC\":\"C8:2E:18:EB:59:A8\",\"Name\":\"MAY-TEST-2\",\"status\":\"connected\"}","timestamp":"2024-05-04 12:27:32"}
{"level":"info","message":"{\"MAC\":\"C8:2E:18:EB:59:A8\",\"Name\":\"MAY-TEST-2\",\"status\":\"connected\"}","timestamp":"2024-05-04 12:28:54"}
{"level":"info","message":"{\"MAC\":\"C8:2E:18:EB:59:A8\",\"Name\":\"MAY-TEST-2\",\"status\":\"connected\"}","timestamp":"2024-05-04 12:29:04"}
{"level":"info","message":"{\"MAC\":\"C8:2E:18:EB:59:A8\",\"Name\":\"MAY-TEST-2\",\"status\":\"disconnected\"}","timestamp":"2024-05-04 12:29:06"}
{"level":"info","message":"{\"MAC\":\"C8:2E:18:EB:59:A8\",\"Name\":\"MAY-TEST-2\",\"status\":\"connected\"}","timestamp":"2024-05-04 12:31:32"}
{"level":"info","message":"{\"MAC\":\"C8:2E:18:EB:59:A8\",\"Name\":\"MAY-TEST-2\",\"status\":\"connected\"}","timestamp":"2024-05-04 12:31:37"}
{"level":"info","message":"{\"MAC\":\"C8:2E:18:EB:59:A8\",\"Name\":\"MAY-TEST-2\",\"status\":\"disconnected\"}","timestamp":"2024-05-04 12:31:39"}
{"level":"info","message":"{\"MAC\":\"C8:2E:18:EB:59:A8\",\"Name\":\"MAY-TEST-2\",\"status\":\"connected\"}","timestamp":"2024-05-04 12:32:26"}
{"level":"info","message":"{\"MAC\":\"C8:2E:18:EB:59:A8\",\"Name\":\"MAY-TEST-2\",\"status\":\"disconnected\"}","timestamp":"2024-05-04 12:32:28"}
{"level":"info","message":"{\"MAC\":\"C8:2E:18:EB:59:A8\",\"Name\":\"MAY-TEST-2\",\"status\":\"connected\"}","timestamp":"2024-05-04 12:32:45"}
{"level":"info","message":"{\"MAC\":\"C8:2E:18:EB:59:A8\",\"Name\":\"MAY-TEST-2\",\"status\":\"connected\"}","timestamp":"2024-05-04 12:33:11"}
{"level":"info","message":"{\"MAC\":\"C8:2E:18:EB:59:A8\",\"Name\":\"MAY-TEST-2\",\"status\":\"connected\"}","timestamp":"2024-05-04 12:34:05"}
{"level":"info","message":"{\"MAC\":\"C8:2E:18:EB:59:A8\",\"Name\":\"MAY-TEST-2\",\"status\":\"disconnected\"}","timestamp":"2024-05-04 13:10:38"}
{"level":"info","message":"{\"MAC\":\"C8:2E:18:EB:59:A8\",\"Name\":\"MAY-TEST-2\",\"status\":\"connected\"}","timestamp":"2024-05-04 13:10:50"}
{"level":"info","message":"{\"MAC\":\"C8:2E:18:EB:59:A8\",\"Name\":\"MAY-TEST-2\",\"status\":\"disconnected\"}","timestamp":"2024-05-04 13:12:52"}
{"level":"info","message":"{\"MAC\":\"C8:2E:18:EB:59:A8\",\"Name\":\"MAY-TEST-2\",\"status\":\"connected\"}","timestamp":"2024-05-04 13:13:07"}
{"level":"info","message":"ooe init call status","timestamp":"2024-05-04 13:17:08"}
{"level":"info","message":"{\"MAC\":\"C8:2E:18:EB:59:A8\",\"Name\":\"MAY-TEST-2\",\"status\":\"connected\"}","timestamp":"2024-05-04 13:17:10"}
{"level":"info","message":"ooe init call status","timestamp":"2024-05-04 13:19:19"}
{"level":"info","message":"ooe init call status","timestamp":"2024-05-04 13:19:26"}
{"level":"info","message":"ooe init call status","timestamp":"2024-05-04 13:19:28"}
{"level":"info","message":"ooe init call status","timestamp":"2024-05-04 13:19:37"}
{"level":"info","message":"{\"MAC\":\"C8:2E:18:EB:59:A8\",\"Name\":\"MAY-TEST-2\",\"status\":\"connected\"}","timestamp":"2024-05-04 13:19:39"}
{"level":"info","message":"ooe init call status","timestamp":"2024-05-04 13:19:59"}
{"level":"info","message":"{\"MAC\":\"C8:2E:18:EB:59:A8\",\"Name\":\"MAY-TEST-2\",\"status\":\"connected\"}","timestamp":"2024-05-04 13:20:02"}
{"level":"info","message":"{\"MAC\":\"C8:2E:18:EB:59:A8\",\"Name\":\"MAY-TEST-2\",\"status\":\"disconnected\"}","timestamp":"2024-05-04 13:24:18"}
{"level":"info","message":"{\"MAC\":\"C8:2E:18:EB:59:A8\",\"Name\":\"MAY-TEST-2\",\"status\":\"connected\"}","timestamp":"2024-05-04 13:24:29"}
{"level":"info","message":"{\"MAC\":\"C8:2E:18:EB:58:BC\",\"Name\":\"MAY-TEST-1\",\"status\":\"connected\"}","timestamp":"2024-05-04 13:38:52"}
{"level":"info","message":"{\"MAC\":\"C8:2E:18:EB:58:BC\",\"Name\":\"MAY-TEST-1\",\"status\":\"disconnected\"}","timestamp":"2024-05-04 13:51:43"}
{"level":"info","message":"{\"MAC\":\"C8:2E:18:EB:59:A8\",\"Name\":\"MAY-TEST-2\",\"status\":\"disconnected\"}","timestamp":"2024-05-04 13:51:51"}
{"level":"info","message":"{\"MAC\":\"C8:2E:18:EB:59:A8\",\"Name\":\"MAY-TEST-2\",\"status\":\"connected\"}","timestamp":"2024-05-04 13:57:33"}
{"level":"info","message":"{\"MAC\":\"C8:2E:18:EB:58:BC\",\"Name\":\"MAY-TEST-1\",\"status\":\"connected\"}","timestamp":"2024-05-04 13:57:35"}
{"level":"info","message":"{\"MAC\":\"C8:2E:18:EB:59:A8\",\"Name\":\"MAY-TEST-2\",\"status\":\"disconnected\"}","timestamp":"2024-05-04 13:58:52"}
{"level":"info","message":"{\"MAC\":\"C8:2E:18:EB:58:BC\",\"Name\":\"MAY-TEST-1\",\"status\":\"connected\"}","timestamp":"2024-05-04 14:02:12"}
{"level":"info","message":"{\"MAC\":\"C8:2E:18:EB:59:A8\",\"Name\":\"MAY-TEST-2\",\"status\":\"connected\"}","timestamp":"2024-05-04 14:02:13"}
{"level":"info","message":"{\"MAC\":\"C8:2E:18:EB:59:A8\",\"Name\":\"MAY-TEST-2\",\"status\":\"disconnected\"}","timestamp":"2024-05-04 14:02:43"}
{"level":"info","message":"{\"MAC\":\"C8:2E:18:EB:58:BC\",\"Name\":\"MAY-TEST-1\",\"status\":\"disconnected\"}","timestamp":"2024-05-04 14:04:00"}
{"level":"info","message":"{\"MAC\":\"C8:2E:18:EB:58:BC\",\"Name\":\"MAY-TEST-1\",\"status\":\"connected\"}","timestamp":"2024-05-04 14:05:06"}
{"level":"info","message":"{\"MAC\":\"C8:2E:18:EB:59:A8\",\"Name\":\"MAY-TEST-2\",\"status\":\"connected\"}","timestamp":"2024-05-04 14:05:10"}
