{"level":"info","message":"{\"MAC\":\"C8:2E:18:EB:59:A8\",\"Name\":\"MAY-TEST-2\",\"status\":\"disconnected\"}","timestamp":"2024-05-08 08:06:33"}
{"level":"info","message":"{\"MAC\":\"C8:2E:18:EB:59:A8\",\"Name\":\"MAY-TEST-2\",\"status\":\"connected\"}","timestamp":"2024-05-08 08:10:17"}
{"level":"info","message":"{\"MAC\":\"C8:2E:18:EB:58:BC\",\"Name\":\"MAY-TEST-1\",\"status\":\"connected\"}","timestamp":"2024-05-08 08:10:18"}
{"level":"info","message":"{\"MAC\":\"C8:2E:18:EB:59:A8\",\"Name\":\"MAY-TEST-2\",\"status\":\"connected\"}","timestamp":"2024-05-08 08:17:10"}
{"level":"info","message":"{\"MAC\":\"C8:2E:18:EB:58:BC\",\"Name\":\"MAY-TEST-1\",\"status\":\"connected\"}","timestamp":"2024-05-08 08:17:12"}
{"level":"info","message":"{\"MAC\":\"C8:2E:18:EB:59:A8\",\"Name\":\"MAY-TEST-2\",\"status\":\"disconnected\"}","timestamp":"2024-05-08 08:24:17"}
{"level":"info","message":"{\"MAC\":\"C8:2E:18:EB:58:BC\",\"Name\":\"MAY-TEST-1\",\"status\":\"disconnected\"}","timestamp":"2024-05-08 08:24:36"}
{"level":"info","message":"{\"MAC\":\"C8:2E:18:EB:58:BC\",\"Name\":\"MAY-TEST-1\",\"status\":\"connected\"}","timestamp":"2024-05-08 08:24:41"}
{"level":"info","message":"{\"MAC\":\"C8:2E:18:EB:59:A8\",\"Name\":\"MAY-TEST-2\",\"status\":\"connected\"}","timestamp":"2024-05-08 08:24:42"}
{"level":"info","message":"{\"MAC\":\"C8:2E:18:EB:58:BC\",\"Name\":\"MAY-TEST-1\",\"status\":\"disconnected\"}","timestamp":"2024-05-08 08:26:02"}
{"level":"info","message":"{\"MAC\":\"C8:2E:18:EB:59:A8\",\"Name\":\"MAY-TEST-2\",\"status\":\"connected\"}","timestamp":"2024-05-08 08:32:47"}
{"level":"info","message":"{\"MAC\":\"C8:2E:18:EB:58:BC\",\"Name\":\"MAY-TEST-1\",\"status\":\"connected\"}","timestamp":"2024-05-08 08:32:53"}
{"level":"info","message":"ooe init call status","timestamp":"2024-05-08 08:57:59"}
{"level":"info","message":"{\"MAC\":\"C8:2E:18:EB:58:BC\",\"Name\":\"MAY-TEST-1\",\"status\":\"connected\"}","timestamp":"2024-05-08 08:58:02"}
{"level":"info","message":"{\"MAC\":\"C8:2E:18:EB:59:A8\",\"Name\":\"MAY-TEST-2\",\"status\":\"connected\"}","timestamp":"2024-05-08 08:58:02"}
{"level":"info","message":"ooe init call status","timestamp":"2024-05-08 09:35:55"}
{"level":"info","message":"{\"MAC\":\"C8:2E:18:EB:59:A8\",\"Name\":\"MAY-TEST-2\",\"status\":\"connected\"}","timestamp":"2024-05-08 09:35:57"}
{"level":"info","message":"{\"MAC\":\"C8:2E:18:EB:58:BC\",\"Name\":\"MAY-TEST-1\",\"status\":\"connected\"}","timestamp":"2024-05-08 09:35:57"}
{"level":"info","message":"{\"MAC\":\"C8:2E:18:EB:58:BC\",\"Name\":\"MAY-TEST-1\",\"status\":\"disconnected\"}","timestamp":"2024-05-08 10:27:47"}
{"level":"info","message":"{\"MAC\":\"C8:2E:18:EB:58:BC\",\"Name\":\"MAY-TEST-1\",\"status\":\"connected\"}","timestamp":"2024-05-08 10:28:15"}
{"level":"info","message":"{\"MAC\":\"C8:2E:18:EB:59:A8\",\"Name\":\"MAY-TEST-2\",\"status\":\"disconnected\"}","timestamp":"2024-05-08 10:28:17"}
{"level":"info","message":"{\"MAC\":\"C8:2E:18:EB:59:A8\",\"Name\":\"MAY-TEST-2\",\"status\":\"connected\"}","timestamp":"2024-05-08 10:28:18"}
{"level":"info","message":"{\"MAC\":\"C8:2E:18:EB:58:BC\",\"Name\":\"MAY-TEST-1\",\"status\":\"disconnected\"}","timestamp":"2024-05-08 10:39:31"}
{"level":"info","message":"{\"MAC\":\"C8:2E:18:EB:58:BC\",\"Name\":\"MAY-TEST-1\",\"status\":\"connected\"}","timestamp":"2024-05-08 10:42:31"}
{"level":"info","message":"{\"MAC\":\"C8:2E:18:EB:59:A8\",\"Name\":\"MAY-TEST-2\",\"status\":\"connected\"}","timestamp":"2024-05-08 10:42:36"}
{"level":"info","message":"{\"MAC\":\"C8:2E:18:EB:59:A8\",\"Name\":\"MAY-TEST-2\",\"status\":\"connected\"}","timestamp":"2024-05-08 10:59:41"}
{"level":"info","message":"{\"MAC\":\"C8:2E:18:EB:59:A8\",\"Name\":\"MAY-TEST-2\",\"status\":\"disconnected\"}","timestamp":"2024-05-08 11:00:06"}
{"level":"info","message":"{\"MAC\":\"C8:2E:18:EB:59:A8\",\"Name\":\"MAY-TEST-2\",\"status\":\"connected\"}","timestamp":"2024-05-08 11:00:19"}
{"level":"info","message":"ooe init call status","timestamp":"2024-05-08 11:10:29"}
{"level":"info","message":"{\"MAC\":\"C8:2E:18:EB:58:BC\",\"Name\":\"MAY-TEST-1\",\"status\":\"connected\"}","timestamp":"2024-05-08 11:10:30"}
{"level":"info","message":"{\"MAC\":\"C8:2E:18:EB:59:A8\",\"Name\":\"MAY-TEST-2\",\"status\":\"connected\"}","timestamp":"2024-05-08 11:10:51"}
{"level":"info","message":"{\"MAC\":\"C8:2E:18:EB:59:A8\",\"Name\":\"MAY-TEST-2\",\"status\":\"disconnected\"}","timestamp":"2024-05-08 11:12:47"}
{"level":"info","message":"{\"MAC\":\"C8:2E:18:EB:59:A8\",\"Name\":\"MAY-TEST-2\",\"status\":\"connected\"}","timestamp":"2024-05-08 11:13:01"}
{"level":"info","message":"{\"MAC\":\"C8:2E:18:EB:59:A8\",\"Name\":\"MAY-TEST-2\",\"status\":\"disconnected\"}","timestamp":"2024-05-08 11:14:31"}
{"level":"info","message":"{\"MAC\":\"C8:2E:18:EB:59:A8\",\"Name\":\"MAY-TEST-2\",\"status\":\"connected\"}","timestamp":"2024-05-08 11:14:45"}
{"level":"info","message":"ooe init call status","timestamp":"2024-05-08 12:05:05"}
{"level":"info","message":"{\"MAC\":\"C8:2E:18:EB:58:BC\",\"Name\":\"MAY-TEST-1\",\"status\":\"disconnected\"}","timestamp":"2024-05-08 12:05:05"}
{"level":"info","message":"{\"MAC\":\"C8:2E:18:EB:59:A8\",\"Name\":\"MAY-TEST-2\",\"status\":\"disconnected\"}","timestamp":"2024-05-08 12:05:05"}
{"level":"info","message":"{\"MAC\":\"C8:2E:18:EB:59:A8\",\"Name\":\"MAY-TEST-2\",\"status\":\"connected\"}","timestamp":"2024-05-08 12:05:06"}
{"level":"info","message":"{\"MAC\":\"C8:2E:18:EB:58:BC\",\"Name\":\"MAY-TEST-1\",\"status\":\"connected\"}","timestamp":"2024-05-08 12:05:06"}
{"level":"info","message":"{\"MAC\":\"C8:2E:18:EB:58:BC\",\"Name\":\"MAY-TEST-1\",\"status\":\"disconnected\"}","timestamp":"2024-05-08 16:55:40"}
{"level":"info","message":"{\"MAC\":\"C8:2E:18:EB:58:BC\",\"Name\":\"MAY-TEST-1\",\"status\":\"connected\"}","timestamp":"2024-05-08 17:18:03"}
