{"level":"info","message":"{\"MAC\":\"C8:2E:18:EB:58:BC\",\"Name\":\"MAY-TEST-1\",\"status\":\"connected\"}","timestamp":"2024-05-06 07:50:20"}
{"level":"info","message":"ooe init call status","timestamp":"2024-05-06 07:50:23"}
{"level":"info","message":"{\"MAC\":\"C8:2E:18:EB:59:A8\",\"Name\":\"MAY-TEST-2\",\"status\":\"connected\"}","timestamp":"2024-05-06 07:50:33"}
{"level":"info","message":"ooe init call status","timestamp":"2024-05-06 07:50:56"}
{"level":"info","message":"{\"MAC\":\"C8:2E:18:EB:59:A8\",\"Name\":\"MAY-TEST-2\",\"status\":\"connected\"}","timestamp":"2024-05-06 07:50:59"}
{"level":"info","message":"{\"MAC\":\"C8:2E:18:EB:58:BC\",\"Name\":\"MAY-TEST-1\",\"status\":\"connected\"}","timestamp":"2024-05-06 07:51:00"}
{"level":"info","message":"ooe init call status","timestamp":"2024-05-06 08:39:21"}
{"level":"info","message":"{\"MAC\":\"C8:2E:18:EB:59:A8\",\"Name\":\"MAY-TEST-2\",\"status\":\"connected\"}","timestamp":"2024-05-06 08:39:22"}
{"level":"info","message":"{\"MAC\":\"C8:2E:18:EB:58:BC\",\"Name\":\"MAY-TEST-1\",\"status\":\"connected\"}","timestamp":"2024-05-06 08:39:22"}
{"level":"info","message":"{\"MAC\":\"C8:2E:18:EB:59:A8\",\"Name\":\"MAY-TEST-2\",\"status\":\"disconnected\"}","timestamp":"2024-05-06 09:03:50"}
{"level":"info","message":"{\"MAC\":\"C8:2E:18:EB:58:BC\",\"Name\":\"MAY-TEST-1\",\"status\":\"disconnected\"}","timestamp":"2024-05-06 09:04:56"}
{"level":"info","message":"{\"MAC\":\"C8:2E:18:EB:58:BC\",\"Name\":\"MAY-TEST-1\",\"status\":\"connected\"}","timestamp":"2024-05-06 09:05:28"}
{"level":"info","message":"{\"MAC\":\"C8:2E:18:EB:58:BC\",\"Name\":\"MAY-TEST-1\",\"status\":\"disconnected\"}","timestamp":"2024-05-06 09:09:00"}
{"level":"info","message":"{\"MAC\":\"C8:2E:18:EB:58:BC\",\"Name\":\"MAY-TEST-1\",\"status\":\"connected\"}","timestamp":"2024-05-06 09:09:44"}
{"level":"info","message":"{\"MAC\":\"C8:2E:18:EB:59:A8\",\"Name\":\"MAY-TEST-2\",\"status\":\"connected\"}","timestamp":"2024-05-06 09:09:45"}
{"level":"info","message":"{\"MAC\":\"C8:2E:18:EB:59:A8\",\"Name\":\"MAY-TEST-2\",\"status\":\"disconnected\"}","timestamp":"2024-05-06 09:10:03"}
{"level":"info","message":"{\"MAC\":\"C8:2E:18:EB:58:BC\",\"Name\":\"MAY-TEST-1\",\"status\":\"disconnected\"}","timestamp":"2024-05-06 09:13:19"}
{"level":"info","message":"{\"MAC\":\"C8:2E:18:EB:58:BC\",\"Name\":\"MAY-TEST-1\",\"status\":\"connected\"}","timestamp":"2024-05-06 09:14:19"}
{"level":"info","message":"{\"MAC\":\"C8:2E:18:EB:58:BC\",\"Name\":\"MAY-TEST-1\",\"status\":\"disconnected\"}","timestamp":"2024-05-06 09:15:07"}
{"level":"info","message":"{\"MAC\":\"C8:2E:18:EB:58:BC\",\"Name\":\"MAY-TEST-1\",\"status\":\"connected\"}","timestamp":"2024-05-06 09:15:30"}
{"level":"info","message":"{\"MAC\":\"C8:2E:18:EB:59:A8\",\"Name\":\"MAY-TEST-2\",\"status\":\"connected\"}","timestamp":"2024-05-06 09:20:26"}
{"level":"info","message":"{\"MAC\":\"C8:2E:18:EB:59:A8\",\"Name\":\"MAY-TEST-2\",\"status\":\"disconnected\"}","timestamp":"2024-05-06 09:22:04"}
{"level":"info","message":"{\"MAC\":\"C8:2E:18:EB:59:A8\",\"Name\":\"MAY-TEST-2\",\"status\":\"connected\"}","timestamp":"2024-05-06 09:22:07"}
{"level":"info","message":"{\"MAC\":\"C8:2E:18:EB:59:A8\",\"Name\":\"MAY-TEST-2\",\"status\":\"disconnected\"}","timestamp":"2024-05-06 09:22:26"}
{"level":"info","message":"{\"MAC\":\"C8:2E:18:EB:59:A8\",\"Name\":\"MAY-TEST-2\",\"status\":\"connected\"}","timestamp":"2024-05-06 09:22:27"}
{"level":"info","message":"{\"MAC\":\"C8:2E:18:EB:59:A8\",\"Name\":\"MAY-TEST-2\",\"status\":\"disconnected\"}","timestamp":"2024-05-06 09:22:51"}
{"level":"info","message":"{\"MAC\":\"C8:2E:18:EB:58:BC\",\"Name\":\"MAY-TEST-1\",\"status\":\"disconnected\"}","timestamp":"2024-05-06 09:24:51"}
{"level":"info","message":"{\"MAC\":\"C8:2E:18:EB:58:BC\",\"Name\":\"MAY-TEST-1\",\"status\":\"connected\"}","timestamp":"2024-05-06 09:25:33"}
{"level":"info","message":"{\"MAC\":\"C8:2E:18:EB:59:A8\",\"Name\":\"MAY-TEST-2\",\"status\":\"connected\"}","timestamp":"2024-05-06 09:25:34"}
{"level":"info","message":"{\"MAC\":\"C8:2E:18:EB:58:BC\",\"Name\":\"MAY-TEST-1\",\"status\":\"connected\"}","timestamp":"2024-05-06 15:43:51"}
{"level":"info","message":"ooe init call status","timestamp":"2024-05-06 16:02:36"}
{"level":"info","message":"{\"MAC\":\"C8:2E:18:EB:59:A8\",\"Name\":\"MAY-TEST-2\",\"status\":\"connected\"}","timestamp":"2024-05-06 16:02:38"}
{"level":"info","message":"{\"MAC\":\"C8:2E:18:EB:58:BC\",\"Name\":\"MAY-TEST-1\",\"status\":\"connected\"}","timestamp":"2024-05-06 16:02:38"}
{"level":"info","message":"ooe init call status","timestamp":"2024-05-06 16:07:59"}
{"level":"info","message":"{\"MAC\":\"C8:2E:18:EB:58:BC\",\"Name\":\"MAY-TEST-1\",\"status\":\"connected\"}","timestamp":"2024-05-06 16:08:00"}
{"level":"info","message":"{\"MAC\":\"C8:2E:18:EB:59:A8\",\"Name\":\"MAY-TEST-2\",\"status\":\"connected\"}","timestamp":"2024-05-06 16:08:01"}
{"level":"info","message":"ooe init call status","timestamp":"2024-05-06 16:09:43"}
{"level":"info","message":"{\"MAC\":\"C8:2E:18:EB:58:BC\",\"Name\":\"MAY-TEST-1\",\"status\":\"connected\"}","timestamp":"2024-05-06 16:09:45"}
{"level":"info","message":"{\"MAC\":\"C8:2E:18:EB:59:A8\",\"Name\":\"MAY-TEST-2\",\"status\":\"connected\"}","timestamp":"2024-05-06 16:09:45"}
{"level":"info","message":"ooe init call status","timestamp":"2024-05-06 16:14:49"}
{"level":"info","message":"{\"MAC\":\"C8:2E:18:EB:58:BC\",\"Name\":\"MAY-TEST-1\",\"status\":\"connected\"}","timestamp":"2024-05-06 16:14:51"}
{"level":"info","message":"{\"MAC\":\"C8:2E:18:EB:59:A8\",\"Name\":\"MAY-TEST-2\",\"status\":\"connected\"}","timestamp":"2024-05-06 16:14:51"}
{"level":"info","message":"ooe init call status","timestamp":"2024-05-06 16:17:09"}
{"level":"info","message":"{\"MAC\":\"C8:2E:18:EB:58:BC\",\"Name\":\"MAY-TEST-1\",\"status\":\"connected\"}","timestamp":"2024-05-06 16:17:11"}
{"level":"info","message":"{\"MAC\":\"C8:2E:18:EB:59:A8\",\"Name\":\"MAY-TEST-2\",\"status\":\"connected\"}","timestamp":"2024-05-06 16:17:11"}
{"level":"info","message":"ooe init call status","timestamp":"2024-05-06 16:21:15"}
{"level":"info","message":"{\"MAC\":\"C8:2E:18:EB:58:BC\",\"Name\":\"MAY-TEST-1\",\"status\":\"connected\"}","timestamp":"2024-05-06 16:21:17"}
{"level":"info","message":"{\"MAC\":\"C8:2E:18:EB:59:A8\",\"Name\":\"MAY-TEST-2\",\"status\":\"connected\"}","timestamp":"2024-05-06 16:21:17"}
{"level":"info","message":"ooe init call status","timestamp":"2024-05-06 16:26:06"}
{"level":"info","message":"{\"MAC\":\"C8:2E:18:EB:59:A8\",\"Name\":\"MAY-TEST-2\",\"status\":\"connected\"}","timestamp":"2024-05-06 16:26:08"}
{"level":"info","message":"{\"MAC\":\"C8:2E:18:EB:58:BC\",\"Name\":\"MAY-TEST-1\",\"status\":\"connected\"}","timestamp":"2024-05-06 16:26:08"}
{"level":"info","message":"ooe init call status","timestamp":"2024-05-06 16:38:58"}
{"level":"info","message":"{\"MAC\":\"C8:2E:18:EB:59:A8\",\"Name\":\"MAY-TEST-2\",\"status\":\"connected\"}","timestamp":"2024-05-06 16:39:00"}
{"level":"info","message":"{\"MAC\":\"C8:2E:18:EB:58:BC\",\"Name\":\"MAY-TEST-1\",\"status\":\"connected\"}","timestamp":"2024-05-06 16:39:00"}
{"level":"info","message":"ooe init call status","timestamp":"2024-05-06 16:39:34"}
{"level":"info","message":"{\"MAC\":\"C8:2E:18:EB:58:BC\",\"Name\":\"MAY-TEST-1\",\"status\":\"connected\"}","timestamp":"2024-05-06 16:39:35"}
{"level":"info","message":"{\"MAC\":\"C8:2E:18:EB:59:A8\",\"Name\":\"MAY-TEST-2\",\"status\":\"connected\"}","timestamp":"2024-05-06 16:39:36"}
{"level":"info","message":"ooe init call status","timestamp":"2024-05-06 16:40:42"}
{"level":"info","message":"{\"MAC\":\"C8:2E:18:EB:59:A8\",\"Name\":\"MAY-TEST-2\",\"status\":\"connected\"}","timestamp":"2024-05-06 16:40:43"}
{"level":"info","message":"{\"MAC\":\"C8:2E:18:EB:58:BC\",\"Name\":\"MAY-TEST-1\",\"status\":\"connected\"}","timestamp":"2024-05-06 16:40:43"}
{"level":"info","message":"ooe init call status","timestamp":"2024-05-06 16:45:15"}
{"level":"info","message":"{\"MAC\":\"C8:2E:18:EB:58:BC\",\"Name\":\"MAY-TEST-1\",\"status\":\"connected\"}","timestamp":"2024-05-06 16:45:17"}
{"level":"info","message":"{\"MAC\":\"C8:2E:18:EB:59:A8\",\"Name\":\"MAY-TEST-2\",\"status\":\"connected\"}","timestamp":"2024-05-06 16:45:17"}
